<?xml version="1.0" encoding="UTF-8"?>
<coverage generated="1585851919822" clover="3.2.0">
  <project timestamp="1585851919822" name="All files">
    <metrics statements="89" coveredstatements="89" conditionals="5" coveredconditionals="5" methods="14" coveredmethods="14" elements="108" coveredelements="108" complexity="0" loc="89" ncloc="89" packages="5" files="10" classes="10"/>
    <package name="backend">
      <metrics statements="1" coveredstatements="1" conditionals="0" coveredconditionals="0" methods="0" coveredmethods="0"/>
      <file name="knexfile.js" path="C:\Users\anaad\Documents\SemanaOmnistack\backend\knexfile.js">
        <metrics statements="1" coveredstatements="1" conditionals="0" coveredconditionals="0" methods="0" coveredmethods="0"/>
        <line num="3" count="6" type="stmt"/>
      </file>
    </package>
    <package name="backend.src">
      <metrics statements="25" coveredstatements="25" conditionals="0" coveredconditionals="0" methods="0" coveredmethods="0"/>
      <file name="app.js" path="C:\Users\anaad\Documents\SemanaOmnistack\backend\src\app.js">
        <metrics statements="10" coveredstatements="10" conditionals="0" coveredconditionals="0" methods="0" coveredmethods="0"/>
        <line num="1" count="6" type="stmt"/>
        <line num="2" count="6" type="stmt"/>
        <line num="3" count="6" type="stmt"/>
        <line num="4" count="6" type="stmt"/>
        <line num="5" count="6" type="stmt"/>
        <line num="7" count="6" type="stmt"/>
        <line num="8" count="6" type="stmt"/>
        <line num="9" count="6" type="stmt"/>
        <line num="10" count="6" type="stmt"/>
        <line num="13" count="6" type="stmt"/>
      </file>
      <file name="routes.js" path="C:\Users\anaad\Documents\SemanaOmnistack\backend\src\routes.js">
        <metrics statements="15" coveredstatements="15" conditionals="0" coveredconditionals="0" methods="0" coveredmethods="0"/>
        <line num="1" count="6" type="stmt"/>
        <line num="2" count="6" type="stmt"/>
        <line num="4" count="6" type="stmt"/>
        <line num="5" count="6" type="stmt"/>
        <line num="6" count="6" type="stmt"/>
        <line num="7" count="6" type="stmt"/>
        <line num="8" count="6" type="stmt"/>
        <line num="10" count="6" type="stmt"/>
        <line num="16" count="6" type="stmt"/>
        <line num="18" count="6" type="stmt"/>
        <line num="28" count="6" type="stmt"/>
        <line num="34" count="6" type="stmt"/>
        <line num="40" count="6" type="stmt"/>
        <line num="52" count="6" type="stmt"/>
        <line num="62" count="6" type="stmt"/>
      </file>
    </package>
    <package name="backend.src.controllers">
      <metrics statements="40" coveredstatements="40" conditionals="5" coveredconditionals="5" methods="7" coveredmethods="7"/>
      <file name="IncidentController.js" path="C:\Users\anaad\Documents\SemanaOmnistack\backend\src\controllers\IncidentController.js">
        <metrics statements="18" coveredstatements="18" conditionals="3" coveredconditionals="3" methods="3" coveredmethods="3"/>
        <line num="1" count="6" type="stmt"/>
        <line num="3" count="6" type="stmt"/>
        <line num="6" count="2" type="cond" truecount="1" falsecount="0"/>
        <line num="8" count="2" type="stmt"/>
        <line num="10" count="2" type="stmt"/>
        <line num="22" count="2" type="stmt"/>
        <line num="24" count="2" type="stmt"/>
        <line num="28" count="13" type="stmt"/>
        <line num="29" count="13" type="stmt"/>
        <line num="31" count="13" type="stmt"/>
        <line num="38" count="13" type="stmt"/>
        <line num="42" count="2" type="stmt"/>
        <line num="43" count="2" type="stmt"/>
        <line num="45" count="2" type="stmt"/>
        <line num="47" count="2" type="cond" truecount="2" falsecount="0"/>
        <line num="48" count="1" type="stmt"/>
        <line num="51" count="1" type="stmt"/>
        <line num="53" count="1" type="stmt"/>
      </file>
      <file name="OngController.js" path="C:\Users\anaad\Documents\SemanaOmnistack\backend\src\controllers\OngController.js">
        <metrics statements="10" coveredstatements="10" conditionals="0" coveredconditionals="0" methods="2" coveredmethods="2"/>
        <line num="1" count="6" type="stmt"/>
        <line num="2" count="6" type="stmt"/>
        <line num="4" count="6" type="stmt"/>
        <line num="6" count="6" type="stmt"/>
        <line num="8" count="1" type="stmt"/>
        <line num="10" count="1" type="stmt"/>
        <line num="14" count="9" type="stmt"/>
        <line num="16" count="9" type="stmt"/>
        <line num="18" count="9" type="stmt"/>
        <line num="27" count="9" type="stmt"/>
      </file>
      <file name="ProfileController.js" path="C:\Users\anaad\Documents\SemanaOmnistack\backend\src\controllers\ProfileController.js">
        <metrics statements="5" coveredstatements="5" conditionals="0" coveredconditionals="0" methods="1" coveredmethods="1"/>
        <line num="1" count="6" type="stmt"/>
        <line num="3" count="6" type="stmt"/>
        <line num="5" count="1" type="stmt"/>
        <line num="7" count="1" type="stmt"/>
        <line num="11" count="1" type="stmt"/>
      </file>
      <file name="SessionController.js" path="C:\Users\anaad\Documents\SemanaOmnistack\backend\src\controllers\SessionController.js">
        <metrics statements="7" coveredstatements="7" conditionals="2" coveredconditionals="2" methods="1" coveredmethods="1"/>
        <line num="1" count="6" type="stmt"/>
        <line num="3" count="6" type="stmt"/>
        <line num="5" count="2" type="stmt"/>
        <line num="7" count="2" type="stmt"/>
        <line num="9" count="2" type="cond" truecount="2" falsecount="0"/>
        <line num="10" count="1" type="stmt"/>
        <line num="12" count="1" type="stmt"/>
      </file>
    </package>
    <package name="backend.src.database.migrations">
      <metrics statements="20" coveredstatements="20" conditionals="0" coveredconditionals="0" methods="6" coveredmethods="6"/>
      <file name="20200324182442_create_ongs.js" path="C:\Users\anaad\Documents\SemanaOmnistack\backend\src\database\migrations\20200324182442_create_ongs.js">
        <metrics statements="10" coveredstatements="10" conditionals="0" coveredconditionals="0" methods="3" coveredmethods="3"/>
        <line num="2" count="6" type="stmt"/>
        <line num="3" count="9" type="stmt"/>
        <line num="4" count="9" type="stmt"/>
        <line num="5" count="9" type="stmt"/>
        <line num="6" count="9" type="stmt"/>
        <line num="7" count="9" type="stmt"/>
        <line num="8" count="9" type="stmt"/>
        <line num="9" count="9" type="stmt"/>
        <line num="13" count="6" type="stmt"/>
        <line num="14" count="9" type="stmt"/>
      </file>
      <file name="20200324183026_create_incidents.js" path="C:\Users\anaad\Documents\SemanaOmnistack\backend\src\database\migrations\20200324183026_create_incidents.js">
        <metrics statements="10" coveredstatements="10" conditionals="0" coveredconditionals="0" methods="3" coveredmethods="3"/>
        <line num="2" count="6" type="stmt"/>
        <line num="3" count="9" type="stmt"/>
        <line num="4" count="9" type="stmt"/>
        <line num="6" count="9" type="stmt"/>
        <line num="7" count="9" type="stmt"/>
        <line num="8" count="9" type="stmt"/>
        <line num="10" count="9" type="stmt"/>
        <line num="12" count="9" type="stmt"/>
        <line num="16" count="6" type="stmt"/>
        <line num="17" count="9" type="stmt"/>
      </file>
    </package>
    <package name="backend.src.utils">
      <metrics statements="3" coveredstatements="3" conditionals="0" coveredconditionals="0" methods="1" coveredmethods="1"/>
      <file name="generateUniqueId.js" path="C:\Users\anaad\Documents\SemanaOmnistack\backend\src\utils\generateUniqueId.js">
        <metrics statements="3" coveredstatements="3" conditionals="0" coveredconditionals="0" methods="1" coveredmethods="1"/>
        <line num="1" count="7" type="stmt"/>
        <line num="3" count="7" type="stmt"/>
        <line num="4" count="10" type="stmt"/>
      </file>
    </package>
  </project>
</coverage>
