{"C:\\Users\\anaad\\Documents\\SemanaOmnistack\\backend\\knexfile.js": {"path":"C:\\Users\\anaad\\Documents\\SemanaOmnistack\\backend\\knexfile.js","statementMap":{"0":{"start":{"line":3,"column":0},"end":{"line":59,"column":2}}},"fnMap":{},"branchMap":{},"s":{"0":1},"f":{},"b":{},"_coverageSchema":"1a1c01bbd47fc00a2c39e90264f33305004495a9","hash":"597adf2a4166c5b2063337f49c6ef387f19dc94a"}
,"C:\\Users\\anaad\\Documents\\SemanaOmnistack\\backend\\src\\app.js": {"path":"C:\\Users\\anaad\\Documents\\SemanaOmnistack\\backend\\src\\app.js","statementMap":{"0":{"start":{"line":1,"column":16},"end":{"line":1,"column":34}},"1":{"start":{"line":2,"column":15},"end":{"line":2,"column":34}},"2":{"start":{"line":3,"column":19},"end":{"line":3,"column":39}},"3":{"start":{"line":4,"column":13},"end":{"line":4,"column":28}},"4":{"start":{"line":5,"column":12},"end":{"line":5,"column":21}},"5":{"start":{"line":7,"column":0},"end":{"line":7,"column":16}},"6":{"start":{"line":8,"column":0},"end":{"line":8,"column":24}},"7":{"start":{"line":9,"column":0},"end":{"line":9,"column":16}},"8":{"start":{"line":10,"column":0},"end":{"line":10,"column":18}},"9":{"start":{"line":13,"column":0},"end":{"line":13,"column":21}}},"fnMap":{},"branchMap":{},"s":{"0":1,"1":1,"2":1,"3":1,"4":1,"5":1,"6":1,"7":1,"8":1,"9":1},"f":{},"b":{},"_coverageSchema":"1a1c01bbd47fc00a2c39e90264f33305004495a9","hash":"0c57875a440c378a5c40f39f50de9813717878e5"}
,"C:\\Users\\anaad\\Documents\\SemanaOmnistack\\backend\\src\\routes.js": {"path":"C:\\Users\\anaad\\Documents\\SemanaOmnistack\\backend\\src\\routes.js","statementMap":{"0":{"start":{"line":1,"column":16},"end":{"line":1,"column":34}},"1":{"start":{"line":2,"column":37},"end":{"line":2,"column":57}},"2":{"start":{"line":4,"column":22},"end":{"line":4,"column":60}},"3":{"start":{"line":5,"column":26},"end":{"line":5,"column":68}},"4":{"start":{"line":6,"column":27},"end":{"line":6,"column":70}},"5":{"start":{"line":7,"column":26},"end":{"line":7,"column":68}},"6":{"start":{"line":8,"column":15},"end":{"line":8,"column":31}},"7":{"start":{"line":10,"column":0},"end":{"line":14,"column":30}},"8":{"start":{"line":16,"column":0},"end":{"line":16,"column":41}},"9":{"start":{"line":18,"column":0},"end":{"line":26,"column":26}},"10":{"start":{"line":28,"column":0},"end":{"line":32,"column":29}},"11":{"start":{"line":34,"column":0},"end":{"line":38,"column":30}},"12":{"start":{"line":40,"column":0},"end":{"line":50,"column":31}},"13":{"start":{"line":52,"column":0},"end":{"line":60,"column":31}},"14":{"start":{"line":62,"column":0},"end":{"line":62,"column":24}}},"fnMap":{},"branchMap":{},"s":{"0":1,"1":1,"2":1,"3":1,"4":1,"5":1,"6":1,"7":1,"8":1,"9":1,"10":1,"11":1,"12":1,"13":1,"14":1},"f":{},"b":{},"_coverageSchema":"1a1c01bbd47fc00a2c39e90264f33305004495a9","hash":"1aa881a3d202f7c2c3d20f5780846b4b3a19885e"}
,"C:\\Users\\anaad\\Documents\\SemanaOmnistack\\backend\\src\\controllers\\IncidentController.js": {"path":"C:\\Users\\anaad\\Documents\\SemanaOmnistack\\backend\\src\\controllers\\IncidentController.js","statementMap":{"0":{"start":{"line":1,"column":19},"end":{"line":1,"column":52}},"1":{"start":{"line":3,"column":0},"end":{"line":55,"column":2}},"2":{"start":{"line":6,"column":29},"end":{"line":6,"column":42}},"3":{"start":{"line":8,"column":24},"end":{"line":8,"column":61}},"4":{"start":{"line":10,"column":26},"end":{"line":20,"column":10}},"5":{"start":{"line":22,"column":8},"end":{"line":22,"column":61}},"6":{"start":{"line":24,"column":8},"end":{"line":24,"column":40}},"7":{"start":{"line":28,"column":46},"end":{"line":28,"column":58}},"8":{"start":{"line":29,"column":23},"end":{"line":29,"column":52}},"9":{"start":{"line":31,"column":21},"end":{"line":36,"column":10}},"10":{"start":{"line":38,"column":8},"end":{"line":38,"column":37}},"11":{"start":{"line":42,"column":23},"end":{"line":42,"column":37}},"12":{"start":{"line":43,"column":23},"end":{"line":43,"column":52}},"13":{"start":{"line":45,"column":25},"end":{"line":45,"column":95}},"14":{"start":{"line":47,"column":8},"end":{"line":49,"column":9}},"15":{"start":{"line":48,"column":12},"end":{"line":48,"column":84}},"16":{"start":{"line":51,"column":8},"end":{"line":51,"column":63}},"17":{"start":{"line":53,"column":8},"end":{"line":53,"column":43}}},"fnMap":{"0":{"name":"(anonymous_0)","decl":{"start":{"line":5,"column":4},"end":{"line":5,"column":5}},"loc":{"start":{"line":5,"column":35},"end":{"line":25,"column":5}},"line":5},"1":{"name":"(anonymous_1)","decl":{"start":{"line":27,"column":4},"end":{"line":27,"column":5}},"loc":{"start":{"line":27,"column":36},"end":{"line":39,"column":5}},"line":27},"2":{"name":"(anonymous_2)","decl":{"start":{"line":41,"column":4},"end":{"line":41,"column":5}},"loc":{"start":{"line":41,"column":36},"end":{"line":54,"column":5}},"line":41}},"branchMap":{"0":{"loc":{"start":{"line":6,"column":16},"end":{"line":6,"column":24}},"type":"default-arg","locations":[{"start":{"line":6,"column":23},"end":{"line":6,"column":24}}],"line":6},"1":{"loc":{"start":{"line":47,"column":8},"end":{"line":49,"column":9}},"type":"if","locations":[{"start":{"line":47,"column":8},"end":{"line":49,"column":9}},{"start":{"line":47,"column":8},"end":{"line":49,"column":9}}],"line":47}},"s":{"0":1,"1":1,"2":1,"3":1,"4":1,"5":1,"6":1,"7":6,"8":6,"9":6,"10":6,"11":1,"12":1,"13":1,"14":1,"15":0,"16":1,"17":1},"f":{"0":1,"1":6,"2":1},"b":{"0":[0],"1":[0,1]},"_coverageSchema":"1a1c01bbd47fc00a2c39e90264f33305004495a9","hash":"b514ac7a5e6b859f8c94ed34d2b2635709a45717"}
,"C:\\Users\\anaad\\Documents\\SemanaOmnistack\\backend\\src\\controllers\\OngController.js": {"path":"C:\\Users\\anaad\\Documents\\SemanaOmnistack\\backend\\src\\controllers\\OngController.js","statementMap":{"0":{"start":{"line":1,"column":15},"end":{"line":1,"column":32}},"1":{"start":{"line":2,"column":19},"end":{"line":2,"column":52}},"2":{"start":{"line":4,"column":25},"end":{"line":4,"column":61}},"3":{"start":{"line":6,"column":0},"end":{"line":29,"column":2}},"4":{"start":{"line":8,"column":21},"end":{"line":8,"column":57}},"5":{"start":{"line":10,"column":8},"end":{"line":10,"column":35}},"6":{"start":{"line":14,"column":52},"end":{"line":14,"column":64}},"7":{"start":{"line":16,"column":19},"end":{"line":16,"column":37}},"8":{"start":{"line":18,"column":8},"end":{"line":25,"column":10}},"9":{"start":{"line":27,"column":8},"end":{"line":27,"column":37}}},"fnMap":{"0":{"name":"(anonymous_0)","decl":{"start":{"line":7,"column":4},"end":{"line":7,"column":5}},"loc":{"start":{"line":7,"column":35},"end":{"line":11,"column":5}},"line":7},"1":{"name":"(anonymous_1)","decl":{"start":{"line":13,"column":4},"end":{"line":13,"column":5}},"loc":{"start":{"line":13,"column":36},"end":{"line":28,"column":5}},"line":13}},"branchMap":{},"s":{"0":1,"1":1,"2":1,"3":1,"4":1,"5":1,"6":5,"7":5,"8":5,"9":5},"f":{"0":1,"1":5},"b":{},"_coverageSchema":"1a1c01bbd47fc00a2c39e90264f33305004495a9","hash":"3ddb68c88dab3ca99415ca619e31958cdf6e20b3"}
,"C:\\Users\\anaad\\Documents\\SemanaOmnistack\\backend\\src\\controllers\\ProfileController.js": {"path":"C:\\Users\\anaad\\Documents\\SemanaOmnistack\\backend\\src\\controllers\\ProfileController.js","statementMap":{"0":{"start":{"line":1,"column":19},"end":{"line":1,"column":52}},"1":{"start":{"line":3,"column":0},"end":{"line":13,"column":1}},"2":{"start":{"line":5,"column":23},"end":{"line":5,"column":52}},"3":{"start":{"line":7,"column":26},"end":{"line":9,"column":20}},"4":{"start":{"line":11,"column":8},"end":{"line":11,"column":40}}},"fnMap":{"0":{"name":"(anonymous_0)","decl":{"start":{"line":4,"column":4},"end":{"line":4,"column":5}},"loc":{"start":{"line":4,"column":35},"end":{"line":12,"column":5}},"line":4}},"branchMap":{},"s":{"0":1,"1":1,"2":1,"3":1,"4":1},"f":{"0":1},"b":{},"_coverageSchema":"1a1c01bbd47fc00a2c39e90264f33305004495a9","hash":"5cabdf2c76c85629b0c776788a3cb72f8946f49b"}
,"C:\\Users\\anaad\\Documents\\SemanaOmnistack\\backend\\src\\controllers\\SessionController.js": {"path":"C:\\Users\\anaad\\Documents\\SemanaOmnistack\\backend\\src\\controllers\\SessionController.js","statementMap":{"0":{"start":{"line":1,"column":19},"end":{"line":1,"column":52}},"1":{"start":{"line":3,"column":0},"end":{"line":14,"column":1}},"2":{"start":{"line":5,"column":23},"end":{"line":5,"column":35}},"3":{"start":{"line":7,"column":20},"end":{"line":7,"column":83}},"4":{"start":{"line":9,"column":4},"end":{"line":11,"column":5}},"5":{"start":{"line":10,"column":8},"end":{"line":10,"column":80}},"6":{"start":{"line":12,"column":4},"end":{"line":12,"column":30}}},"fnMap":{"0":{"name":"(anonymous_0)","decl":{"start":{"line":4,"column":4},"end":{"line":4,"column":5}},"loc":{"start":{"line":4,"column":36},"end":{"line":13,"column":5}},"line":4}},"branchMap":{"0":{"loc":{"start":{"line":9,"column":4},"end":{"line":11,"column":5}},"type":"if","locations":[{"start":{"line":9,"column":4},"end":{"line":11,"column":5}},{"start":{"line":9,"column":4},"end":{"line":11,"column":5}}],"line":9}},"s":{"0":1,"1":1,"2":1,"3":1,"4":1,"5":0,"6":1},"f":{"0":1},"b":{"0":[0,1]},"_coverageSchema":"1a1c01bbd47fc00a2c39e90264f33305004495a9","hash":"750d72f34d2446e3503b5df17f67cce509e7486e"}
,"C:\\Users\\anaad\\Documents\\SemanaOmnistack\\backend\\src\\database\\connection.js": {"path":"C:\\Users\\anaad\\Documents\\SemanaOmnistack\\backend\\src\\database\\connection.js","statementMap":{"0":{"start":{"line":1,"column":13},"end":{"line":1,"column":28}},"1":{"start":{"line":2,"column":22},"end":{"line":2,"column":47}},"2":{"start":{"line":4,"column":15},"end":{"line":4,"column":95}},"3":{"start":{"line":6,"column":19},"end":{"line":6,"column":31}},"4":{"start":{"line":8,"column":0},"end":{"line":8,"column":28}}},"fnMap":{},"branchMap":{"0":{"loc":{"start":{"line":4,"column":15},"end":{"line":4,"column":95}},"type":"cond-expr","locations":[{"start":{"line":4,"column":49},"end":{"line":4,"column":67}},{"start":{"line":4,"column":70},"end":{"line":4,"column":95}}],"line":4}},"s":{"0":1,"1":1,"2":1,"3":1,"4":1},"f":{},"b":{"0":[1,0]},"_coverageSchema":"1a1c01bbd47fc00a2c39e90264f33305004495a9","hash":"53f2a4ffd1985c46a58d3e186b4781ea7a15513b"}
,"C:\\Users\\anaad\\Documents\\SemanaOmnistack\\backend\\src\\database\\migrations\\20200324182442_create_ongs.js": {"path":"C:\\Users\\anaad\\Documents\\SemanaOmnistack\\backend\\src\\database\\migrations\\20200324182442_create_ongs.js","statementMap":{"0":{"start":{"line":2,"column":0},"end":{"line":11,"column":2}},"1":{"start":{"line":3,"column":1},"end":{"line":10,"column":5}},"2":{"start":{"line":4,"column":4},"end":{"line":4,"column":33}},"3":{"start":{"line":5,"column":4},"end":{"line":5,"column":39}},"4":{"start":{"line":6,"column":4},"end":{"line":6,"column":40}},"5":{"start":{"line":7,"column":4},"end":{"line":7,"column":43}},"6":{"start":{"line":8,"column":4},"end":{"line":8,"column":39}},"7":{"start":{"line":9,"column":4},"end":{"line":9,"column":40}},"8":{"start":{"line":13,"column":0},"end":{"line":15,"column":2}},"9":{"start":{"line":14,"column":2},"end":{"line":14,"column":39}}},"fnMap":{"0":{"name":"(anonymous_0)","decl":{"start":{"line":2,"column":13},"end":{"line":2,"column":14}},"loc":{"start":{"line":2,"column":28},"end":{"line":11,"column":1}},"line":2},"1":{"name":"(anonymous_1)","decl":{"start":{"line":3,"column":40},"end":{"line":3,"column":41}},"loc":{"start":{"line":3,"column":57},"end":{"line":10,"column":3}},"line":3},"2":{"name":"(anonymous_2)","decl":{"start":{"line":13,"column":15},"end":{"line":13,"column":16}},"loc":{"start":{"line":13,"column":30},"end":{"line":15,"column":1}},"line":13}},"branchMap":{},"s":{"0":1,"1":7,"2":7,"3":7,"4":7,"5":7,"6":7,"7":7,"8":1,"9":7},"f":{"0":7,"1":7,"2":7},"b":{},"_coverageSchema":"1a1c01bbd47fc00a2c39e90264f33305004495a9","hash":"b9f54c7b3b88e319fc7ae12f3405385342c6391c"}
,"C:\\Users\\anaad\\Documents\\SemanaOmnistack\\backend\\src\\database\\migrations\\20200324183026_create_incidents.js": {"path":"C:\\Users\\anaad\\Documents\\SemanaOmnistack\\backend\\src\\database\\migrations\\20200324183026_create_incidents.js","statementMap":{"0":{"start":{"line":2,"column":0},"end":{"line":14,"column":2}},"1":{"start":{"line":3,"column":4},"end":{"line":13,"column":9}},"2":{"start":{"line":4,"column":8},"end":{"line":4,"column":27}},"3":{"start":{"line":6,"column":8},"end":{"line":6,"column":44}},"4":{"start":{"line":7,"column":8},"end":{"line":7,"column":50}},"5":{"start":{"line":8,"column":8},"end":{"line":8,"column":45}},"6":{"start":{"line":10,"column":8},"end":{"line":10,"column":45}},"7":{"start":{"line":12,"column":8},"end":{"line":12,"column":65}},"8":{"start":{"line":16,"column":0},"end":{"line":18,"column":2}},"9":{"start":{"line":17,"column":2},"end":{"line":17,"column":44}}},"fnMap":{"0":{"name":"(anonymous_0)","decl":{"start":{"line":2,"column":13},"end":{"line":2,"column":14}},"loc":{"start":{"line":2,"column":28},"end":{"line":14,"column":1}},"line":2},"1":{"name":"(anonymous_1)","decl":{"start":{"line":3,"column":48},"end":{"line":3,"column":49}},"loc":{"start":{"line":3,"column":65},"end":{"line":13,"column":7}},"line":3},"2":{"name":"(anonymous_2)","decl":{"start":{"line":16,"column":15},"end":{"line":16,"column":16}},"loc":{"start":{"line":16,"column":30},"end":{"line":18,"column":1}},"line":16}},"branchMap":{},"s":{"0":1,"1":7,"2":7,"3":7,"4":7,"5":7,"6":7,"7":7,"8":1,"9":7},"f":{"0":7,"1":7,"2":7},"b":{},"_coverageSchema":"1a1c01bbd47fc00a2c39e90264f33305004495a9","hash":"7d3c5429dc358b232e704428422b7f422e0da7d7"}
,"C:\\Users\\anaad\\Documents\\SemanaOmnistack\\backend\\src\\utils\\generateUniqueId.js": {"path":"C:\\Users\\anaad\\Documents\\SemanaOmnistack\\backend\\src\\utils\\generateUniqueId.js","statementMap":{"0":{"start":{"line":1,"column":15},"end":{"line":1,"column":32}},"1":{"start":{"line":3,"column":0},"end":{"line":5,"column":1}},"2":{"start":{"line":4,"column":4},"end":{"line":4,"column":49}}},"fnMap":{"0":{"name":"generateUniqueId","decl":{"start":{"line":3,"column":26},"end":{"line":3,"column":42}},"loc":{"start":{"line":3,"column":45},"end":{"line":5,"column":1}},"line":3}},"branchMap":{},"s":{"0":2,"1":2,"2":6},"f":{"0":6},"b":{},"_coverageSchema":"1a1c01bbd47fc00a2c39e90264f33305004495a9","hash":"f648c50eb86ccf43d0f0c55bc3e6d4555d67f48a"}
}
