TN:
SF:knexfile.js
FNF:0
FNH:0
DA:3,6
LF:1
LH:1
BRF:0
BRH:0
end_of_record
TN:
SF:src\app.js
FNF:0
FNH:0
DA:1,6
DA:2,6
DA:3,6
DA:4,6
DA:5,6
DA:7,6
DA:8,6
DA:9,6
DA:10,6
DA:13,6
LF:10
LH:10
BRF:0
BRH:0
end_of_record
TN:
SF:src\routes.js
FNF:0
FNH:0
DA:1,6
DA:2,6
DA:4,6
DA:5,6
DA:6,6
DA:7,6
DA:8,6
DA:10,6
DA:16,6
DA:18,6
DA:28,6
DA:34,6
DA:40,6
DA:52,6
DA:62,6
LF:15
LH:15
BRF:0
BRH:0
end_of_record
TN:
SF:src\controllers\IncidentController.js
FN:5,(anonymous_0)
FN:27,(anonymous_1)
FN:41,(anonymous_2)
FNF:3
FNH:3
FNDA:2,(anonymous_0)
FNDA:13,(anonymous_1)
FNDA:2,(anonymous_2)
DA:1,6
DA:3,6
DA:6,2
DA:8,2
DA:10,2
DA:22,2
DA:24,2
DA:28,13
DA:29,13
DA:31,13
DA:38,13
DA:42,2
DA:43,2
DA:45,2
DA:47,2
DA:48,1
DA:51,1
DA:53,1
LF:18
LH:18
BRDA:6,0,0,1
BRDA:47,1,0,1
BRDA:47,1,1,1
BRF:3
BRH:3
end_of_record
TN:
SF:src\controllers\OngController.js
FN:7,(anonymous_0)
FN:13,(anonymous_1)
FNF:2
FNH:2
FNDA:1,(anonymous_0)
FNDA:9,(anonymous_1)
DA:1,6
DA:2,6
DA:4,6
DA:6,6
DA:8,1
DA:10,1
DA:14,9
DA:16,9
DA:18,9
DA:27,9
LF:10
LH:10
BRF:0
BRH:0
end_of_record
TN:
SF:src\controllers\ProfileController.js
FN:4,(anonymous_0)
FNF:1
FNH:1
FNDA:1,(anonymous_0)
DA:1,6
DA:3,6
DA:5,1
DA:7,1
DA:11,1
LF:5
LH:5
BRF:0
BRH:0
end_of_record
TN:
SF:src\controllers\SessionController.js
FN:4,(anonymous_0)
FNF:1
FNH:1
FNDA:2,(anonymous_0)
DA:1,6
DA:3,6
DA:5,2
DA:7,2
DA:9,2
DA:10,1
DA:12,1
LF:7
LH:7
BRDA:9,0,0,1
BRDA:9,0,1,1
BRF:2
BRH:2
end_of_record
TN:
SF:src\database\migrations\20200324182442_create_ongs.js
FN:2,(anonymous_0)
FN:3,(anonymous_1)
FN:13,(anonymous_2)
FNF:3
FNH:3
FNDA:9,(anonymous_0)
FNDA:9,(anonymous_1)
FNDA:9,(anonymous_2)
DA:2,6
DA:3,9
DA:4,9
DA:5,9
DA:6,9
DA:7,9
DA:8,9
DA:9,9
DA:13,6
DA:14,9
LF:10
LH:10
BRF:0
BRH:0
end_of_record
TN:
SF:src\database\migrations\20200324183026_create_incidents.js
FN:2,(anonymous_0)
FN:3,(anonymous_1)
FN:16,(anonymous_2)
FNF:3
FNH:3
FNDA:9,(anonymous_0)
FNDA:9,(anonymous_1)
FNDA:9,(anonymous_2)
DA:2,6
DA:3,9
DA:4,9
DA:6,9
DA:7,9
DA:8,9
DA:10,9
DA:12,9
DA:16,6
DA:17,9
LF:10
LH:10
BRF:0
BRH:0
end_of_record
TN:
SF:src\utils\generateUniqueId.js
FN:3,generateUniqueId
FNF:1
FNH:1
FNDA:10,generateUniqueId
DA:1,7
DA:3,7
DA:4,10
LF:3
LH:3
BRF:0
BRH:0
end_of_record
