TN:
SF:knexfile.js
FNF:0
FNH:0
DA:3,1
LF:1
LH:1
BRF:0
BRH:0
end_of_record
TN:
SF:src\app.js
FNF:0
FNH:0
DA:1,1
DA:2,1
DA:3,1
DA:4,1
DA:5,1
DA:7,1
DA:8,1
DA:9,1
DA:10,1
DA:13,1
LF:10
LH:10
BRF:0
BRH:0
end_of_record
TN:
SF:src\routes.js
FNF:0
FNH:0
DA:1,1
DA:2,1
DA:4,1
DA:5,1
DA:6,1
DA:7,1
DA:8,1
DA:10,1
DA:16,1
DA:18,1
DA:28,1
DA:34,1
DA:40,1
DA:52,1
DA:62,1
LF:15
LH:15
BRF:0
BRH:0
end_of_record
TN:
SF:src\controllers\IncidentController.js
FN:5,(anonymous_0)
FN:27,(anonymous_1)
FN:41,(anonymous_2)
FNF:3
FNH:3
FNDA:1,(anonymous_0)
FNDA:6,(anonymous_1)
FNDA:1,(anonymous_2)
DA:1,1
DA:3,1
DA:6,1
DA:8,1
DA:10,1
DA:22,1
DA:24,1
DA:28,6
DA:29,6
DA:31,6
DA:38,6
DA:42,1
DA:43,1
DA:45,1
DA:47,1
DA:48,0
DA:51,1
DA:53,1
LF:18
LH:17
BRDA:6,0,0,0
BRDA:47,1,0,0
BRDA:47,1,1,1
BRF:3
BRH:1
end_of_record
TN:
SF:src\controllers\OngController.js
FN:7,(anonymous_0)
FN:13,(anonymous_1)
FNF:2
FNH:2
FNDA:1,(anonymous_0)
FNDA:5,(anonymous_1)
DA:1,1
DA:2,1
DA:4,1
DA:6,1
DA:8,1
DA:10,1
DA:14,5
DA:16,5
DA:18,5
DA:27,5
LF:10
LH:10
BRF:0
BRH:0
end_of_record
TN:
SF:src\controllers\ProfileController.js
FN:4,(anonymous_0)
FNF:1
FNH:1
FNDA:1,(anonymous_0)
DA:1,1
DA:3,1
DA:5,1
DA:7,1
DA:11,1
LF:5
LH:5
BRF:0
BRH:0
end_of_record
TN:
SF:src\controllers\SessionController.js
FN:4,(anonymous_0)
FNF:1
FNH:1
FNDA:1,(anonymous_0)
DA:1,1
DA:3,1
DA:5,1
DA:7,1
DA:9,1
DA:10,0
DA:12,1
LF:7
LH:6
BRDA:9,0,0,0
BRDA:9,0,1,1
BRF:2
BRH:1
end_of_record
TN:
SF:src\database\connection.js
FNF:0
FNH:0
DA:1,1
DA:2,1
DA:4,1
DA:6,1
DA:8,1
LF:5
LH:5
BRDA:4,0,0,1
BRDA:4,0,1,0
BRF:2
BRH:1
end_of_record
TN:
SF:src\database\migrations\20200324182442_create_ongs.js
FN:2,(anonymous_0)
FN:3,(anonymous_1)
FN:13,(anonymous_2)
FNF:3
FNH:3
FNDA:7,(anonymous_0)
FNDA:7,(anonymous_1)
FNDA:7,(anonymous_2)
DA:2,1
DA:3,7
DA:4,7
DA:5,7
DA:6,7
DA:7,7
DA:8,7
DA:9,7
DA:13,1
DA:14,7
LF:10
LH:10
BRF:0
BRH:0
end_of_record
TN:
SF:src\database\migrations\20200324183026_create_incidents.js
FN:2,(anonymous_0)
FN:3,(anonymous_1)
FN:16,(anonymous_2)
FNF:3
FNH:3
FNDA:7,(anonymous_0)
FNDA:7,(anonymous_1)
FNDA:7,(anonymous_2)
DA:2,1
DA:3,7
DA:4,7
DA:6,7
DA:7,7
DA:8,7
DA:10,7
DA:12,7
DA:16,1
DA:17,7
LF:10
LH:10
BRF:0
BRH:0
end_of_record
TN:
SF:src\utils\generateUniqueId.js
FN:3,generateUniqueId
FNF:1
FNH:1
FNDA:6,generateUniqueId
DA:1,2
DA:3,2
DA:4,6
LF:3
LH:3
BRF:0
BRH:0
end_of_record
